# JRE version: OpenJDK Runtime Environment GraalVM CE 22.3.0 (17.0.5+8) (build 17.0.5+8-jvmci-22.3-b08)
# Java VM: OpenJDK 64-Bit Server VM GraalVM CE 22.3.0 (17.0.5+8-jvmci-22.3-b08, mixed mode, sharing, tiered, jvmci, jvmci compiler, compressed oops, compressed class ptrs, parallel gc, linux-amd64)
GC Precious Log:
 CPUs: 8 total, 1 available
 Memory: 1024M
 Large Page Support: Disabled
 NUMA Support: Disabled
 Compressed Oops: Enabled (32-bit)
 Alignments: Space 512K, Generation 512K, Heap 2M
 Heap Min Capacity: 100M
 Heap Initial Capacity: 100M
 Heap Max Capacity: 512M
 Pre-touch: Disabled
 Parallel Workers: 1
Heap:
 PSYoungGen      total 29696K, used 21503K [0x00000000f5580000, 0x00000000f7d80000, 0x0000000100000000)
  eden space 21504K, 99% used [0x00000000f5580000,0x00000000f6a7ffd8,0x00000000f6a80000)
  from space 8192K, 0% used [0x00000000f7580000,0x00000000f7580000,0x00000000f7d80000)
  to   space 8704K, 0% used [0x00000000f6a80000,0x00000000f6a80000,0x00000000f7300000)
 ParOldGen       total 349696K, used 349696K [0x00000000e0000000, 0x00000000f5580000, 0x00000000f5580000)
  object space 349696K, 100% used [0x00000000e0000000,0x00000000f5580000,0x00000000f5580000)
 Metaspace       used 55184K, committed 56320K, reserved 1105920K
  class space    used 5381K, committed 5824K, reserved 1048576K
GC Heap History (20 events):
Event: 453.220 GC heap before
{Heap before GC invocations=300 (full 205):
 PSYoungGen      total 29696K, used 21503K [0x00000000f5580000, 0x00000000f7d80000, 0x0000000100000000)
  eden space 21504K, 99% used [0x00000000f5580000,0x00000000f6a7fff8,0x00000000f6a80000)
  from space 8192K, 0% used [0x00000000f7580000,0x00000000f7580000,0x00000000f7d80000)
  to   space 8704K, 0% used [0x00000000f6a80000,0x00000000f6a80000,0x00000000f7300000)
 ParOldGen       total 349696K, used 349695K [0x00000000e0000000, 0x00000000f5580000, 0x00000000f5580000)
  object space 349696K, 99% used [0x00000000e0000000,0x00000000f557fec8,0x00000000f5580000)
 Metaspace       used 55184K, committed 56320K, reserved 1105920K
  class space    used 5381K, committed 5824K, reserved 1048576K
}
Event: 454.682 GC heap after
{Heap after GC invocations=300 (full 205):
 PSYoungGen      total 30208K, used 21503K [0x00000000f5580000, 0x00000000f7d80000, 0x0000000100000000)
  eden space 21504K, 99% used [0x00000000f5580000,0x00000000f6a7fff8,0x00000000f6a80000)
  from space 8704K, 0% used [0x00000000f6a80000,0x00000000f6a80000,0x00000000f7300000)
  to   space 8192K, 0% used [0x00000000f7580000,0x00000000f7580000,0x00000000f7d80000)
 ParOldGen       total 349696K, used 349694K [0x00000000e0000000, 0x00000000f5580000, 0x00000000f5580000)
  object space 349696K, 99% used [0x00000000e0000000,0x00000000f557fa20,0x00000000f5580000)
 Metaspace       used 55184K, committed 56320K, reserved 1105920K
  class space    used 5381K, committed 5824K, reserved 1048576K
}
Event: 454.694 GC heap before
{Heap before GC invocations=301 (full 206):
 PSYoungGen      total 30208K, used 21503K [0x00000000f5580000, 0x00000000f7d80000, 0x0000000100000000)
  eden space 21504K, 99% used [0x00000000f5580000,0x00000000f6a7fff8,0x00000000f6a80000)
  from space 8704K, 0% used [0x00000000f6a80000,0x00000000f6a80000,0x00000000f7300000)
  to   space 8192K, 0% used [0x00000000f7580000,0x00000000f7580000,0x00000000f7d80000)
 ParOldGen       total 349696K, used 349696K [0x00000000e0000000, 0x00000000f5580000, 0x00000000f5580000)
  object space 349696K, 100% used [0x00000000e0000000,0x00000000f5580000,0x00000000f5580000)
 Metaspace       used 55184K, committed 56320K, reserved 1105920K
  class space    used 5381K, committed 5824K, reserved 1048576K
}
Event: 456.718 GC heap after
{Heap after GC invocations=301 (full 206):
 PSYoungGen      total 29696K, used 21503K [0x00000000f5580000, 0x00000000f7d80000, 0x0000000100000000)
  eden space 21504K, 99% used [0x00000000f5580000,0x00000000f6a7fff8,0x00000000f6a80000)
  from space 8192K, 0% used [0x00000000f7580000,0x00000000f7580000,0x00000000f7d80000)
  to   space 8704K, 0% used [0x00000000f6a80000,0x00000000f6a80000,0x00000000f7300000)
 ParOldGen       total 349696K, used 349695K [0x00000000e0000000, 0x00000000f5580000, 0x00000000f5580000)
  object space 349696K, 99% used [0x00000000e0000000,0x00000000f557fd88,0x00000000f5580000)
 Metaspace       used 55184K, committed 56320K, reserved 1105920K
  class space    used 5381K, committed 5824K, reserved 1048576K
}
Event: 456.719 GC heap before
{Heap before GC invocations=302 (full 207):
 PSYoungGen      total 29696K, used 21503K [0x00000000f5580000, 0x00000000f7d80000, 0x0000000100000000)
  eden space 21504K, 99% used [0x00000000f5580000,0x00000000f6a7fff8,0x00000000f6a80000)
  from space 8192K, 0% used [0x00000000f7580000,0x00000000f7580000,0x00000000f7d80000)
  to   space 8704K, 0% used [0x00000000f6a80000,0x00000000f6a80000,0x00000000f7300000)
 ParOldGen       total 349696K, used 349695K [0x00000000e0000000, 0x00000000f5580000, 0x00000000f5580000)
  object space 349696K, 99% used [0x00000000e0000000,0x00000000f557ffe8,0x00000000f5580000)
 Metaspace       used 55184K, committed 56320K, reserved 1105920K
  class space    used 5381K, committed 5824K, reserved 1048576K
}
Event: 458.946 GC heap after
{Heap after GC invocations=302 (full 207):
 PSYoungGen      total 30208K, used 21503K [0x00000000f5580000, 0x00000000f7d80000, 0x0000000100000000)
  eden space 21504K, 99% used [0x00000000f5580000,0x00000000f6a7fff8,0x00000000f6a80000)
  from space 8704K, 0% used [0x00000000f6a80000,0x00000000f6a80000,0x00000000f7300000)
  to   space 8192K, 0% used [0x00000000f7580000,0x00000000f7580000,0x00000000f7d80000)
 ParOldGen       total 349696K, used 349695K [0x00000000e0000000, 0x00000000f5580000, 0x00000000f5580000)
  object space 349696K, 99% used [0x00000000e0000000,0x00000000f557feb8,0x00000000f5580000)
 Metaspace       used 55184K, committed 56320K, reserved 1105920K
  class space    used 5381K, committed 5824K, reserved 1048576K
}
Event: 458.947 GC heap before
{Heap before GC invocations=303 (full 208):
 PSYoungGen      total 30208K, used 21503K [0x00000000f5580000, 0x00000000f7d80000, 0x0000000100000000)
  eden space 21504K, 99% used [0x00000000f5580000,0x00000000f6a7fff8,0x00000000f6a80000)
  from space 8704K, 0% used [0x00000000f6a80000,0x00000000f6a80000,0x00000000f7300000)
  to   space 8192K, 0% used [0x00000000f7580000,0x00000000f7580000,0x00000000f7d80000)
 ParOldGen       total 349696K, used 349696K [0x00000000e0000000, 0x00000000f5580000, 0x00000000f5580000)
  object space 349696K, 100% used [0x00000000e0000000,0x00000000f5580000,0x00000000f5580000)
 Metaspace       used 55184K, committed 56320K, reserved 1105920K
  class space    used 5381K, committed 5824K, reserved 1048576K
}
Event: 460.984 GC heap after
{Heap after GC invocations=303 (full 208):
 PSYoungGen      total 29696K, used 21503K [0x00000000f5580000, 0x00000000f7d80000, 0x0000000100000000)
  eden space 21504K, 99% used [0x00000000f5580000,0x00000000f6a7ffc0,0x00000000f6a80000)
  from space 8192K, 0% used [0x00000000f7580000,0x00000000f7580000,0x00000000f7d80000)
  to   space 8704K, 0% used [0x00000000f6a80000,0x00000000f6a80000,0x00000000f7300000)
 ParOldGen       total 349696K, used 349695K [0x00000000e0000000, 0x00000000f5580000, 0x00000000f5580000)
  object space 349696K, 99% used [0x00000000e0000000,0x00000000f557ff88,0x00000000f5580000)
 Metaspace       used 55184K, committed 56320K, reserved 1105920K
  class space    used 5381K, committed 5824K, reserved 1048576K
}
Event: 460.988 GC heap before
{Heap before GC invocations=304 (full 209):
 PSYoungGen      total 29696K, used 21503K [0x00000000f5580000, 0x00000000f7d80000, 0x0000000100000000)
  eden space 21504K, 99% used [0x00000000f5580000,0x00000000f6a7fff8,0x00000000f6a80000)
  from space 8192K, 0% used [0x00000000f7580000,0x00000000f7580000,0x00000000f7d80000)
  to   space 8704K, 0% used [0x00000000f6a80000,0x00000000f6a80000,0x00000000f7300000)
 ParOldGen       total 349696K, used 349695K [0x00000000e0000000, 0x00000000f5580000, 0x00000000f5580000)
  object space 349696K, 99% used [0x00000000e0000000,0x00000000f557ff88,0x00000000f5580000)
 Metaspace       used 55184K, committed 56320K, reserved 1105920K
  class space    used 5381K, committed 5824K, reserved 1048576K
}
Event: 463.012 GC heap after
{Heap after GC invocations=304 (full 209):
 PSYoungGen      total 30208K, used 21503K [0x00000000f5580000, 0x00000000f7d80000, 0x0000000100000000)
  eden space 21504K, 99% used [0x00000000f5580000,0x00000000f6a7ffe0,0x00000000f6a80000)
  from space 8704K, 0% used [0x00000000f6a80000,0x00000000f6a80000,0x00000000f7300000)
  to   space 8192K, 0% used [0x00000000f7580000,0x00000000f7580000,0x00000000f7d80000)
 ParOldGen       total 349696K, used 349695K [0x00000000e0000000, 0x00000000f5580000, 0x00000000f5580000)
  object space 349696K, 99% used [0x00000000e0000000,0x00000000f557ff48,0x00000000f5580000)
 Metaspace       used 55184K, committed 56320K, reserved 1105920K
  class space    used 5381K, committed 5824K, reserved 1048576K
}
Event: 463.019 GC heap before
{Heap before GC invocations=305 (full 210):
 PSYoungGen      total 30208K, used 21504K [0x00000000f5580000, 0x00000000f7d80000, 0x0000000100000000)
  eden space 21504K, 100% used [0x00000000f5580000,0x00000000f6a80000,0x00000000f6a80000)
  from space 8704K, 0% used [0x00000000f6a80000,0x00000000f6a80000,0x00000000f7300000)
  to   space 8192K, 0% used [0x00000000f7580000,0x00000000f7580000,0x00000000f7d80000)
 ParOldGen       total 349696K, used 349695K [0x00000000e0000000, 0x00000000f5580000, 0x00000000f5580000)
  object space 349696K, 99% used [0x00000000e0000000,0x00000000f557fff0,0x00000000f5580000)
 Metaspace       used 55184K, committed 56320K, reserved 1105920K
  class space    used 5381K, committed 5824K, reserved 1048576K
}
Event: 465.188 GC heap after
{Heap after GC invocations=305 (full 210):
 PSYoungGen      total 29696K, used 21503K [0x00000000f5580000, 0x00000000f7d80000, 0x0000000100000000)
  eden space 21504K, 99% used [0x00000000f5580000,0x00000000f6a7ffe0,0x00000000f6a80000)
  from space 8192K, 0% used [0x00000000f7580000,0x00000000f7580000,0x00000000f7d80000)
  to   space 8704K, 0% used [0x00000000f6a80000,0x00000000f6a80000,0x00000000f7300000)
 ParOldGen       total 349696K, used 349695K [0x00000000e0000000, 0x00000000f5580000, 0x00000000f5580000)
  object space 349696K, 99% used [0x00000000e0000000,0x00000000f557fff0,0x00000000f5580000)
 Metaspace       used 55184K, committed 56320K, reserved 1105920K
  class space    used 5381K, committed 5824K, reserved 1048576K
}
Event: 465.192 GC heap before
{Heap before GC invocations=306 (full 211):
 PSYoungGen      total 29696K, used 21503K [0x00000000f5580000, 0x00000000f7d80000, 0x0000000100000000)
  eden space 21504K, 99% used [0x00000000f5580000,0x00000000f6a7fff8,0x00000000f6a80000)
  from space 8192K, 0% used [0x00000000f7580000,0x00000000f7580000,0x00000000f7d80000)
  to   space 8704K, 0% used [0x00000000f6a80000,0x00000000f6a80000,0x00000000f7300000)
 ParOldGen       total 349696K, used 349695K [0x00000000e0000000, 0x00000000f5580000, 0x00000000f5580000)
  object space 349696K, 99% used [0x00000000e0000000,0x00000000f557fff0,0x00000000f5580000)
 Metaspace       used 55184K, committed 56320K, reserved 1105920K
  class space    used 5381K, committed 5824K, reserved 1048576K
}
Event: 467.348 GC heap after
{Heap after GC invocations=306 (full 211):
 PSYoungGen      total 30208K, used 21503K [0x00000000f5580000, 0x00000000f7d80000, 0x0000000100000000)
  eden space 21504K, 99% used [0x00000000f5580000,0x00000000f6a7ffd8,0x00000000f6a80000)
  from space 8704K, 0% used [0x00000000f6a80000,0x00000000f6a80000,0x00000000f7300000)
  to   space 8192K, 0% used [0x00000000f7580000,0x00000000f7580000,0x00000000f7d80000)
 ParOldGen       total 349696K, used 349695K [0x00000000e0000000, 0x00000000f5580000, 0x00000000f5580000)
  object space 349696K, 99% used [0x00000000e0000000,0x00000000f557ff90,0x00000000f5580000)
 Metaspace       used 55184K, committed 56320K, reserved 1105920K
  class space    used 5381K, committed 5824K, reserved 1048576K
}
Event: 467.351 GC heap before
{Heap before GC invocations=307 (full 212):
 PSYoungGen      total 30208K, used 21503K [0x00000000f5580000, 0x00000000f7d80000, 0x0000000100000000)
  eden space 21504K, 99% used [0x00000000f5580000,0x00000000f6a7fff0,0x00000000f6a80000)
  from space 8704K, 0% used [0x00000000f6a80000,0x00000000f6a80000,0x00000000f7300000)
  to   space 8192K, 0% used [0x00000000f7580000,0x00000000f7580000,0x00000000f7d80000)
 ParOldGen       total 349696K, used 349695K [0x00000000e0000000, 0x00000000f5580000, 0x00000000f5580000)
  object space 349696K, 99% used [0x00000000e0000000,0x00000000f557ff90,0x00000000f5580000)
 Metaspace       used 55184K, committed 56320K, reserved 1105920K
  class space    used 5381K, committed 5824K, reserved 1048576K
}
Event: 469.402 GC heap after
{Heap after GC invocations=307 (full 212):
 PSYoungGen      total 29696K, used 21503K [0x00000000f5580000, 0x00000000f7d80000, 0x0000000100000000)
  eden space 21504K, 99% used [0x00000000f5580000,0x00000000f6a7fff0,0x00000000f6a80000)
  from space 8192K, 0% used [0x00000000f7580000,0x00000000f7580000,0x00000000f7d80000)
  to   space 8704K, 0% used [0x00000000f6a80000,0x00000000f6a80000,0x00000000f7300000)
 ParOldGen       total 349696K, used 349695K [0x00000000e0000000, 0x00000000f5580000, 0x00000000f5580000)
  object space 349696K, 99% used [0x00000000e0000000,0x00000000f557ff90,0x00000000f5580000)
 Metaspace       used 55184K, committed 56320K, reserved 1105920K
  class space    used 5381K, committed 5824K, reserved 1048576K
}
Event: 469.404 GC heap before
{Heap before GC invocations=308 (full 213):
 PSYoungGen      total 29696K, used 21503K [0x00000000f5580000, 0x00000000f7d80000, 0x0000000100000000)
  eden space 21504K, 99% used [0x00000000f5580000,0x00000000f6a7fff0,0x00000000f6a80000)
  from space 8192K, 0% used [0x00000000f7580000,0x00000000f7580000,0x00000000f7d80000)
  to   space 8704K, 0% used [0x00000000f6a80000,0x00000000f6a80000,0x00000000f7300000)
 ParOldGen       total 349696K, used 349695K [0x00000000e0000000, 0x00000000f5580000, 0x00000000f5580000)
  object space 349696K, 99% used [0x00000000e0000000,0x00000000f557ffd8,0x00000000f5580000)
 Metaspace       used 55184K, committed 56320K, reserved 1105920K
  class space    used 5381K, committed 5824K, reserved 1048576K
}
Event: 471.592 GC heap after
{Heap after GC invocations=308 (full 213):
 PSYoungGen      total 30208K, used 21503K [0x00000000f5580000, 0x00000000f7d80000, 0x0000000100000000)
  eden space 21504K, 99% used [0x00000000f5580000,0x00000000f6a7ffd8,0x00000000f6a80000)
  from space 8704K, 0% used [0x00000000f6a80000,0x00000000f6a80000,0x00000000f7300000)
  to   space 8192K, 0% used [0x00000000f7580000,0x00000000f7580000,0x00000000f7d80000)
 ParOldGen       total 349696K, used 349695K [0x00000000e0000000, 0x00000000f5580000, 0x00000000f5580000)
  object space 349696K, 99% used [0x00000000e0000000,0x00000000f557ff90,0x00000000f5580000)
 Metaspace       used 55184K, committed 56320K, reserved 1105920K
  class space    used 5381K, committed 5824K, reserved 1048576K
}
Event: 471.592 GC heap before
{Heap before GC invocations=309 (full 214):
 PSYoungGen      total 30208K, used 21503K [0x00000000f5580000, 0x00000000f7d80000, 0x0000000100000000)
  eden space 21504K, 99% used [0x00000000f5580000,0x00000000f6a7ffd8,0x00000000f6a80000)
  from space 8704K, 0% used [0x00000000f6a80000,0x00000000f6a80000,0x00000000f7300000)
  to   space 8192K, 0% used [0x00000000f7580000,0x00000000f7580000,0x00000000f7d80000)
 ParOldGen       total 349696K, used 349695K [0x00000000e0000000, 0x00000000f5580000, 0x00000000f5580000)
  object space 349696K, 99% used [0x00000000e0000000,0x00000000f557ff90,0x00000000f5580000)
 Metaspace       used 55184K, committed 56320K, reserved 1105920K
  class space    used 5381K, committed 5824K, reserved 1048576K
}
Event: 473.692 GC heap after
{Heap after GC invocations=309 (full 214):
 PSYoungGen      total 29696K, used 21503K [0x00000000f5580000, 0x00000000f7d80000, 0x0000000100000000)
  eden space 21504K, 99% used [0x00000000f5580000,0x00000000f6a7ffd8,0x00000000f6a80000)
  from space 8192K, 0% used [0x00000000f7580000,0x00000000f7580000,0x00000000f7d80000)
  to   space 8704K, 0% used [0x00000000f6a80000,0x00000000f6a80000,0x00000000f7300000)
 ParOldGen       total 349696K, used 349695K [0x00000000e0000000, 0x00000000f5580000, 0x00000000f5580000)
  object space 349696K, 99% used [0x00000000e0000000,0x00000000f557ff90,0x00000000f5580000)
 Metaspace       used 55184K, committed 56320K, reserved 1105920K
  class space    used 5381K, committed 5824K, reserved 1048576K
}

