# JRE version: OpenJDK Runtime Environment GraalVM CE 22.3.0 (17.0.5+8) (build 17.0.5+8-jvmci-22.3-b08)
# Java VM: OpenJDK 64-Bit Server VM GraalVM CE 22.3.0 (17.0.5+8-jvmci-22.3-b08, mixed mode, sharing, tiered, jvmci, jvmci compiler, compressed oops, compressed class ptrs, parallel gc, linux-amd64)
GC Precious Log:
 CPUs: 8 total, 1 available
 Memory: 1024M
 Large Page Support: Disabled
 NUMA Support: Disabled
 Compressed Oops: Enabled (32-bit)
 Alignments: Space 512K, Generation 512K, Heap 2M
 Heap Min Capacity: 100M
 Heap Initial Capacity: 100M
 Heap Max Capacity: 512M
 Pre-touch: Disabled
 Parallel Workers: 1
Heap:
 PSYoungGen      total 75264K, used 52735K [0x00000000f5580000, 0x00000000fdb00000, 0x0000000100000000)
  eden space 52736K, 99% used [0x00000000f5580000,0x00000000f88ffff8,0x00000000f8900000)
  from space 22528K, 0% used [0x00000000f9000000,0x00000000f9000000,0x00000000fa600000)
  to   space 41472K, 0% used [0x00000000fb180000,0x00000000fb180000,0x00000000fda00000)
 ParOldGen       total 349696K, used 349695K [0x00000000e0000000, 0x00000000f5580000, 0x00000000f5580000)
  object space 349696K, 99% used [0x00000000e0000000,0x00000000f557fe68,0x00000000f5580000)
 Metaspace       used 61531K, committed 62784K, reserved 1105920K
  class space    used 6086K, committed 6592K, reserved 1048576K
GC Heap History (20 events):
Event: 2734.239 GC heap before
{Heap before GC invocations=1052 (full 989):
 PSYoungGen      total 75264K, used 52735K [0x00000000f5580000, 0x00000000fdb00000, 0x0000000100000000)
  eden space 52736K, 99% used [0x00000000f5580000,0x00000000f88ffff8,0x00000000f8900000)
  from space 22528K, 0% used [0x00000000f9000000,0x00000000f9000000,0x00000000fa600000)
  to   space 41472K, 0% used [0x00000000fb180000,0x00000000fb180000,0x00000000fda00000)
 ParOldGen       total 349696K, used 349695K [0x00000000e0000000, 0x00000000f5580000, 0x00000000f5580000)
  object space 349696K, 99% used [0x00000000e0000000,0x00000000f557fff0,0x00000000f5580000)
 Metaspace       used 61531K, committed 62784K, reserved 1105920K
  class space    used 6086K, committed 6592K, reserved 1048576K
}
Event: 2736.787 GC heap after
{Heap after GC invocations=1052 (full 989):
 PSYoungGen      total 94208K, used 52735K [0x00000000f5580000, 0x00000000fdb00000, 0x0000000100000000)
  eden space 52736K, 99% used [0x00000000f5580000,0x00000000f88ffff8,0x00000000f8900000)
  from space 41472K, 0% used [0x00000000fb180000,0x00000000fb180000,0x00000000fda00000)
  to   space 22528K, 0% used [0x00000000f9000000,0x00000000f9000000,0x00000000fa600000)
 ParOldGen       total 349696K, used 349695K [0x00000000e0000000, 0x00000000f5580000, 0x00000000f5580000)
  object space 349696K, 99% used [0x00000000e0000000,0x00000000f557fff0,0x00000000f5580000)
 Metaspace       used 61531K, committed 62784K, reserved 1105920K
  class space    used 6086K, committed 6592K, reserved 1048576K
}
Event: 2736.787 GC heap before
{Heap before GC invocations=1053 (full 990):
 PSYoungGen      total 94208K, used 52735K [0x00000000f5580000, 0x00000000fdb00000, 0x0000000100000000)
  eden space 52736K, 99% used [0x00000000f5580000,0x00000000f88ffff8,0x00000000f8900000)
  from space 41472K, 0% used [0x00000000fb180000,0x00000000fb180000,0x00000000fda00000)
  to   space 22528K, 0% used [0x00000000f9000000,0x00000000f9000000,0x00000000fa600000)
 ParOldGen       total 349696K, used 349695K [0x00000000e0000000, 0x00000000f5580000, 0x00000000f5580000)
  object space 349696K, 99% used [0x00000000e0000000,0x00000000f557fff0,0x00000000f5580000)
 Metaspace       used 61531K, committed 62784K, reserved 1105920K
  class space    used 6086K, committed 6592K, reserved 1048576K
}
Event: 2739.323 GC heap after
{Heap after GC invocations=1053 (full 990):
 PSYoungGen      total 75264K, used 52735K [0x00000000f5580000, 0x00000000fdb00000, 0x0000000100000000)
  eden space 52736K, 99% used [0x00000000f5580000,0x00000000f88ffff8,0x00000000f8900000)
  from space 22528K, 0% used [0x00000000f9000000,0x00000000f9000000,0x00000000fa600000)
  to   space 41472K, 0% used [0x00000000fb180000,0x00000000fb180000,0x00000000fda00000)
 ParOldGen       total 349696K, used 349695K [0x00000000e0000000, 0x00000000f5580000, 0x00000000f5580000)
  object space 349696K, 99% used [0x00000000e0000000,0x00000000f557fff0,0x00000000f5580000)
 Metaspace       used 61531K, committed 62784K, reserved 1105920K
  class space    used 6086K, committed 6592K, reserved 1048576K
}
Event: 2739.326 GC heap before
{Heap before GC invocations=1054 (full 991):
 PSYoungGen      total 75264K, used 52735K [0x00000000f5580000, 0x00000000fdb00000, 0x0000000100000000)
  eden space 52736K, 99% used [0x00000000f5580000,0x00000000f88ffff8,0x00000000f8900000)
  from space 22528K, 0% used [0x00000000f9000000,0x00000000f9000000,0x00000000fa600000)
  to   space 41472K, 0% used [0x00000000fb180000,0x00000000fb180000,0x00000000fda00000)
 ParOldGen       total 349696K, used 349695K [0x00000000e0000000, 0x00000000f5580000, 0x00000000f5580000)
  object space 349696K, 99% used [0x00000000e0000000,0x00000000f557fff0,0x00000000f5580000)
 Metaspace       used 61531K, committed 62784K, reserved 1105920K
  class space    used 6086K, committed 6592K, reserved 1048576K
}
Event: 2742.030 GC heap after
{Heap after GC invocations=1054 (full 991):
 PSYoungGen      total 94208K, used 52735K [0x00000000f5580000, 0x00000000fdb00000, 0x0000000100000000)
  eden space 52736K, 99% used [0x00000000f5580000,0x00000000f88ffff8,0x00000000f8900000)
  from space 41472K, 0% used [0x00000000fb180000,0x00000000fb180000,0x00000000fda00000)
  to   space 22528K, 0% used [0x00000000f9000000,0x00000000f9000000,0x00000000fa600000)
 ParOldGen       total 349696K, used 349695K [0x00000000e0000000, 0x00000000f5580000, 0x00000000f5580000)
  object space 349696K, 99% used [0x00000000e0000000,0x00000000f557fff0,0x00000000f5580000)
 Metaspace       used 61531K, committed 62784K, reserved 1105920K
  class space    used 6086K, committed 6592K, reserved 1048576K
}
Event: 2742.030 GC heap before
{Heap before GC invocations=1055 (full 992):
 PSYoungGen      total 94208K, used 52735K [0x00000000f5580000, 0x00000000fdb00000, 0x0000000100000000)
  eden space 52736K, 99% used [0x00000000f5580000,0x00000000f88ffff8,0x00000000f8900000)
  from space 41472K, 0% used [0x00000000fb180000,0x00000000fb180000,0x00000000fda00000)
  to   space 22528K, 0% used [0x00000000f9000000,0x00000000f9000000,0x00000000fa600000)
 ParOldGen       total 349696K, used 349695K [0x00000000e0000000, 0x00000000f5580000, 0x00000000f5580000)
  object space 349696K, 99% used [0x00000000e0000000,0x00000000f557fff0,0x00000000f5580000)
 Metaspace       used 61531K, committed 62784K, reserved 1105920K
  class space    used 6086K, committed 6592K, reserved 1048576K
}
Event: 2744.654 GC heap after
{Heap after GC invocations=1055 (full 992):
 PSYoungGen      total 75264K, used 52735K [0x00000000f5580000, 0x00000000fdb00000, 0x0000000100000000)
  eden space 52736K, 99% used [0x00000000f5580000,0x00000000f88ffff8,0x00000000f8900000)
  from space 22528K, 0% used [0x00000000f9000000,0x00000000f9000000,0x00000000fa600000)
  to   space 41472K, 0% used [0x00000000fb180000,0x00000000fb180000,0x00000000fda00000)
 ParOldGen       total 349696K, used 349695K [0x00000000e0000000, 0x00000000f5580000, 0x00000000f5580000)
  object space 349696K, 99% used [0x00000000e0000000,0x00000000f557fff0,0x00000000f5580000)
 Metaspace       used 61531K, committed 62784K, reserved 1105920K
  class space    used 6086K, committed 6592K, reserved 1048576K
}
Event: 2744.656 GC heap before
{Heap before GC invocations=1056 (full 993):
 PSYoungGen      total 75264K, used 52735K [0x00000000f5580000, 0x00000000fdb00000, 0x0000000100000000)
  eden space 52736K, 99% used [0x00000000f5580000,0x00000000f88ffff8,0x00000000f8900000)
  from space 22528K, 0% used [0x00000000f9000000,0x00000000f9000000,0x00000000fa600000)
  to   space 41472K, 0% used [0x00000000fb180000,0x00000000fb180000,0x00000000fda00000)
 ParOldGen       total 349696K, used 349695K [0x00000000e0000000, 0x00000000f5580000, 0x00000000f5580000)
  object space 349696K, 99% used [0x00000000e0000000,0x00000000f557fff0,0x00000000f5580000)
 Metaspace       used 61531K, committed 62784K, reserved 1105920K
  class space    used 6086K, committed 6592K, reserved 1048576K
}
Event: 2747.146 GC heap after
{Heap after GC invocations=1056 (full 993):
 PSYoungGen      total 94208K, used 52735K [0x00000000f5580000, 0x00000000fdb00000, 0x0000000100000000)
  eden space 52736K, 99% used [0x00000000f5580000,0x00000000f88fffb0,0x00000000f8900000)
  from space 41472K, 0% used [0x00000000fb180000,0x00000000fb180000,0x00000000fda00000)
  to   space 22528K, 0% used [0x00000000f9000000,0x00000000f9000000,0x00000000fa600000)
 ParOldGen       total 349696K, used 349695K [0x00000000e0000000, 0x00000000f5580000, 0x00000000f5580000)
  object space 349696K, 99% used [0x00000000e0000000,0x00000000f557fc70,0x00000000f5580000)
 Metaspace       used 61531K, committed 62784K, reserved 1105920K
  class space    used 6086K, committed 6592K, reserved 1048576K
}
Event: 2747.147 GC heap before
{Heap before GC invocations=1057 (full 994):
 PSYoungGen      total 94208K, used 52735K [0x00000000f5580000, 0x00000000fdb00000, 0x0000000100000000)
  eden space 52736K, 99% used [0x00000000f5580000,0x00000000f88ffff8,0x00000000f8900000)
  from space 41472K, 0% used [0x00000000fb180000,0x00000000fb180000,0x00000000fda00000)
  to   space 22528K, 0% used [0x00000000f9000000,0x00000000f9000000,0x00000000fa600000)
 ParOldGen       total 349696K, used 349695K [0x00000000e0000000, 0x00000000f5580000, 0x00000000f5580000)
  object space 349696K, 99% used [0x00000000e0000000,0x00000000f557fc70,0x00000000f5580000)
 Metaspace       used 61531K, committed 62784K, reserved 1105920K
  class space    used 6086K, committed 6592K, reserved 1048576K
}
Event: 2749.459 GC heap after
{Heap after GC invocations=1057 (full 994):
 PSYoungGen      total 75264K, used 52735K [0x00000000f5580000, 0x00000000fdb00000, 0x0000000100000000)
  eden space 52736K, 99% used [0x00000000f5580000,0x00000000f88fffe0,0x00000000f8900000)
  from space 22528K, 0% used [0x00000000f9000000,0x00000000f9000000,0x00000000fa600000)
  to   space 41472K, 0% used [0x00000000fb180000,0x00000000fb180000,0x00000000fda00000)
 ParOldGen       total 349696K, used 349695K [0x00000000e0000000, 0x00000000f5580000, 0x00000000f5580000)
  object space 349696K, 99% used [0x00000000e0000000,0x00000000f557fc58,0x00000000f5580000)
 Metaspace       used 61531K, committed 62784K, reserved 1105920K
  class space    used 6086K, committed 6592K, reserved 1048576K
}
Event: 2749.459 GC heap before
{Heap before GC invocations=1058 (full 995):
 PSYoungGen      total 75264K, used 52735K [0x00000000f5580000, 0x00000000fdb00000, 0x0000000100000000)
  eden space 52736K, 99% used [0x00000000f5580000,0x00000000f88ffff8,0x00000000f8900000)
  from space 22528K, 0% used [0x00000000f9000000,0x00000000f9000000,0x00000000fa600000)
  to   space 41472K, 0% used [0x00000000fb180000,0x00000000fb180000,0x00000000fda00000)
 ParOldGen       total 349696K, used 349695K [0x00000000e0000000, 0x00000000f5580000, 0x00000000f5580000)
  object space 349696K, 99% used [0x00000000e0000000,0x00000000f557fc58,0x00000000f5580000)
 Metaspace       used 61531K, committed 62784K, reserved 1105920K
  class space    used 6086K, committed 6592K, reserved 1048576K
}
Event: 2751.887 GC heap after
{Heap after GC invocations=1058 (full 995):
 PSYoungGen      total 94208K, used 52735K [0x00000000f5580000, 0x00000000fdb00000, 0x0000000100000000)
  eden space 52736K, 99% used [0x00000000f5580000,0x00000000f88fffc8,0x00000000f8900000)
  from space 41472K, 0% used [0x00000000fb180000,0x00000000fb180000,0x00000000fda00000)
  to   space 22528K, 0% used [0x00000000f9000000,0x00000000f9000000,0x00000000fa600000)
 ParOldGen       total 349696K, used 349695K [0x00000000e0000000, 0x00000000f5580000, 0x00000000f5580000)
  object space 349696K, 99% used [0x00000000e0000000,0x00000000f557fc58,0x00000000f5580000)
 Metaspace       used 61531K, committed 62784K, reserved 1105920K
  class space    used 6086K, committed 6592K, reserved 1048576K
}
Event: 2751.887 GC heap before
{Heap before GC invocations=1059 (full 996):
 PSYoungGen      total 94208K, used 52735K [0x00000000f5580000, 0x00000000fdb00000, 0x0000000100000000)
  eden space 52736K, 99% used [0x00000000f5580000,0x00000000f88fffe0,0x00000000f8900000)
  from space 41472K, 0% used [0x00000000fb180000,0x00000000fb180000,0x00000000fda00000)
  to   space 22528K, 0% used [0x00000000f9000000,0x00000000f9000000,0x00000000fa600000)
 ParOldGen       total 349696K, used 349695K [0x00000000e0000000, 0x00000000f5580000, 0x00000000f5580000)
  object space 349696K, 99% used [0x00000000e0000000,0x00000000f557fc58,0x00000000f5580000)
 Metaspace       used 61531K, committed 62784K, reserved 1105920K
  class space    used 6086K, committed 6592K, reserved 1048576K
}
Event: 2754.390 GC heap after
{Heap after GC invocations=1059 (full 996):
 PSYoungGen      total 75264K, used 52735K [0x00000000f5580000, 0x00000000fdb00000, 0x0000000100000000)
  eden space 52736K, 99% used [0x00000000f5580000,0x00000000f88fffe0,0x00000000f8900000)
  from space 22528K, 0% used [0x00000000f9000000,0x00000000f9000000,0x00000000fa600000)
  to   space 41472K, 0% used [0x00000000fb180000,0x00000000fb180000,0x00000000fda00000)
 ParOldGen       total 349696K, used 349695K [0x00000000e0000000, 0x00000000f5580000, 0x00000000f5580000)
  object space 349696K, 99% used [0x00000000e0000000,0x00000000f557fc58,0x00000000f5580000)
 Metaspace       used 61531K, committed 62784K, reserved 1105920K
  class space    used 6086K, committed 6592K, reserved 1048576K
}
Event: 2754.392 GC heap before
{Heap before GC invocations=1060 (full 997):
 PSYoungGen      total 75264K, used 52736K [0x00000000f5580000, 0x00000000fdb00000, 0x0000000100000000)
  eden space 52736K, 100% used [0x00000000f5580000,0x00000000f8900000,0x00000000f8900000)
  from space 22528K, 0% used [0x00000000f9000000,0x00000000f9000000,0x00000000fa600000)
  to   space 41472K, 0% used [0x00000000fb180000,0x00000000fb180000,0x00000000fda00000)
 ParOldGen       total 349696K, used 349695K [0x00000000e0000000, 0x00000000f5580000, 0x00000000f5580000)
  object space 349696K, 99% used [0x00000000e0000000,0x00000000f557ffd8,0x00000000f5580000)
 Metaspace       used 61531K, committed 62784K, reserved 1105920K
  class space    used 6086K, committed 6592K, reserved 1048576K
}
Event: 2756.971 GC heap after
{Heap after GC invocations=1060 (full 997):
 PSYoungGen      total 94208K, used 52735K [0x00000000f5580000, 0x00000000fdb00000, 0x0000000100000000)
  eden space 52736K, 99% used [0x00000000f5580000,0x00000000f88fffe0,0x00000000f8900000)
  from space 41472K, 0% used [0x00000000fb180000,0x00000000fb180000,0x00000000fda00000)
  to   space 22528K, 0% used [0x00000000f9000000,0x00000000f9000000,0x00000000fa600000)
 ParOldGen       total 349696K, used 349695K [0x00000000e0000000, 0x00000000f5580000, 0x00000000f5580000)
  object space 349696K, 99% used [0x00000000e0000000,0x00000000f557fc98,0x00000000f5580000)
 Metaspace       used 61531K, committed 62784K, reserved 1105920K
  class space    used 6086K, committed 6592K, reserved 1048576K
}
Event: 2756.971 GC heap before
{Heap before GC invocations=1061 (full 998):
 PSYoungGen      total 94208K, used 52735K [0x00000000f5580000, 0x00000000fdb00000, 0x0000000100000000)
  eden space 52736K, 99% used [0x00000000f5580000,0x00000000f88fffe0,0x00000000f8900000)
  from space 41472K, 0% used [0x00000000fb180000,0x00000000fb180000,0x00000000fda00000)
  to   space 22528K, 0% used [0x00000000f9000000,0x00000000f9000000,0x00000000fa600000)
 ParOldGen       total 349696K, used 349695K [0x00000000e0000000, 0x00000000f5580000, 0x00000000f5580000)
  object space 349696K, 99% used [0x00000000e0000000,0x00000000f557fc98,0x00000000f5580000)
 Metaspace       used 61531K, committed 62784K, reserved 1105920K
  class space    used 6086K, committed 6592K, reserved 1048576K
}
Event: 2759.650 GC heap after
{Heap after GC invocations=1061 (full 998):
 PSYoungGen      total 75264K, used 52735K [0x00000000f5580000, 0x00000000fdb00000, 0x0000000100000000)
  eden space 52736K, 99% used [0x00000000f5580000,0x00000000f88fffe0,0x00000000f8900000)
  from space 22528K, 0% used [0x00000000f9000000,0x00000000f9000000,0x00000000fa600000)
  to   space 41472K, 0% used [0x00000000fb180000,0x00000000fb180000,0x00000000fda00000)
 ParOldGen       total 349696K, used 349695K [0x00000000e0000000, 0x00000000f5580000, 0x00000000f5580000)
  object space 349696K, 99% used [0x00000000e0000000,0x00000000f557fc98,0x00000000f5580000)
 Metaspace       used 61531K, committed 62784K, reserved 1105920K
  class space    used 6086K, committed 6592K, reserved 1048576K
}

